i:\desktop\hello_code\hello_code\debug\vc140.pdb
i:\desktop\hello_code\hello_code\debug\vc140.idb
i:\desktop\hello_code\hello_code\debug\hello_cone.obj
i:\desktop\hello_code\hello_code\debug\source.obj
i:\desktop\hello_code\debug\hello_code.pdb
i:\desktop\hello_code\hello_code\debug\hello_code.tlog\cl.command.1.tlog
i:\desktop\hello_code\hello_code\debug\hello_code.tlog\cl.read.1.tlog
i:\desktop\hello_code\hello_code\debug\hello_code.tlog\cl.write.1.tlog
i:\desktop\hello_code\hello_code\debug\hello_code.tlog\link-cvtres.read.1.tlog
i:\desktop\hello_code\hello_code\debug\hello_code.tlog\link-cvtres.write.1.tlog
i:\desktop\hello_code\hello_code\debug\hello_code.tlog\link-rc.read.1.tlog
i:\desktop\hello_code\hello_code\debug\hello_code.tlog\link-rc.write.1.tlog
i:\desktop\hello_code\hello_code\debug\hello_code.tlog\link.10300-cvtres.read.1.tlog
i:\desktop\hello_code\hello_code\debug\hello_code.tlog\link.10300-cvtres.write.1.tlog
i:\desktop\hello_code\hello_code\debug\hello_code.tlog\link.10300-rc.read.1.tlog
i:\desktop\hello_code\hello_code\debug\hello_code.tlog\link.10300-rc.write.1.tlog
i:\desktop\hello_code\hello_code\debug\hello_code.tlog\link.10300.read.1.tlog
i:\desktop\hello_code\hello_code\debug\hello_code.tlog\link.10300.write.1.tlog
i:\desktop\hello_code\hello_code\debug\hello_code.tlog\link.command.1.tlog
i:\desktop\hello_code\hello_code\debug\hello_code.tlog\link.read.1.tlog
i:\desktop\hello_code\hello_code\debug\hello_code.tlog\link.write.1.tlog
